<?xml version="1.0" encoding="UTF-8"?>
<!-- Generated by org.testng.reporters.JUnitReportReporter -->
<testsuite hostname="MacBook-Pro" failures="1" tests="2" name="TestRunner" time="13.329" errors="0" timestamp="2023-03-22T23:14:47 EDT" skipped="0">
  <testcase classname="TestRunner" name="runScenario" time="8.682"/>
  <system-out/>
  <testcase classname="TestRunner" name="runScenario" time="4.647">
    <failure message="expected [ You have entered an incorrect email or student ID.] but found [You have entered an incorrect email or student Id.]" type="java.lang.AssertionError">
      <![CDATA[java.lang.AssertionError: expected [ You have entered an incorrect email or student ID.] but found [You have entered an incorrect email or student Id.]
at org.testng.Assert.fail(Assert.java:99)
at org.testng.Assert.failNotEquals(Assert.java:1037)
at org.testng.Assert.assertEqualsImpl(Assert.java:140)
at org.testng.Assert.assertEquals(Assert.java:122)
at org.testng.Assert.assertEquals(Assert.java:629)
at org.testng.Assert.assertEquals(Assert.java:639)
at pageObject.LoginPage.invalidCredentials(LoginPage.java:55)
at stepDefinition.LoginSteps.userShouldSee(LoginSteps.java:56)
at âœ½.User should see " You have entered an incorrect email or student ID."(file:///Users/kamrunnessa/Documents/GitStuff/LIPI2/src/test/java/features/login.feature:15)
]]>
    </failure>
  </testcase> <!-- runScenario -->
  <system-out/>
</testsuite> <!-- TestRunner -->
