<?xml version="1.0" encoding="UTF-8"?>
<!-- Generated by org.testng.reporters.JUnitReportReporter -->
<testsuite hostname="MacBook-Pro" failures="0" tests="3" name="TestRunner" time="12.829" errors="0" timestamp="2023-03-18T18:58:09 EDT" skipped="0">
  <testcase classname="TestRunner" name="runScenario" time="3.320"/>
  <system-out/>
  <testcase classname="TestRunner" name="runScenario" time="2.803"/>
  <system-out/>
  <testcase classname="TestRunner" name="runScenario" time="6.706"/>
  <system-out/>
</testsuite> <!-- TestRunner -->
